<?xml version="1.0" encoding="UTF-8"?>
<!-- Generated by org.testng.reporters.JUnitReportReporter -->
<testsuite hostname="DESKTOP-16S4RMF" failures="0" tests="2" name="LoginTest" time="26.298" errors="0" timestamp="2023-02-02T18:17:19 EET" skipped="0">
  <testcase classname="LoginTest" name="loginWithValidAccount" time="6.729"/>
  <system-out/>
  <testcase classname="LoginTest" name="loginWithInvalidAccount" time="19.569"/>
  <system-out/>
</testsuite> <!-- LoginTest -->
